This file contains any messages produced by compilers while
running configure, to aid debugging if configure makes a mistake.

It was created by Xenomai configure 3.0.9, which was
generated by GNU Autoconf 2.69.  Invocation command line was

  $ ./configure --with-core=cobalt --enable-smp --enable-pshared

## --------- ##
## Platform. ##
## --------- ##

hostname = keti
uname -m = x86_64
uname -r = 4.14.134--xenomai-3.0.9
uname -s = Linux
uname -v = #1 SMP Tue Jun 21 21:10:56 KST 2022

/usr/bin/uname -p = unknown
/bin/uname -X     = unknown

/bin/arch              = unknown
/usr/bin/arch -k       = unknown
/usr/convex/getsysinfo = unknown
/usr/bin/hostinfo      = unknown
/bin/machine           = unknown
/usr/bin/oslevel       = unknown
/bin/universe          = unknown

PATH: /usr/local/sbin
PATH: /usr/local/bin
PATH: /usr/sbin
PATH: /usr/bin
PATH: /sbin
PATH: /bin
PATH: /usr/games
PATH: /usr/local/games
PATH: /snap/bin


## ----------- ##
## Core tests. ##
## ----------- ##

configure:2475: checking whether we build for Cobalt or Mercury core
configure:2494: result: cobalt
configure:2535: checking build system type
configure:2549: result: x86_64-pc-linux-gnu
configure:2569: checking host system type
configure:2582: result: x86_64-pc-linux-gnu
configure:2616: checking for a BSD-compatible install
configure:2684: result: /usr/bin/install -c
configure:2757: checking for gcc
configure:2773: found /usr/bin/gcc
configure:2784: result: gcc
configure:3013: checking for C compiler version
configure:3022: gcc --version >&5
gcc (Ubuntu 7.5.0-3ubuntu1~18.04) 7.5.0
Copyright (C) 2017 Free Software Foundation, Inc.
This is free software; see the source for copying conditions.  There is NO
warranty; not even for MERCHANTABILITY or FITNESS FOR A PARTICULAR PURPOSE.

configure:3033: $? = 0
configure:3022: gcc -v >&5
Using built-in specs.
COLLECT_GCC=gcc
COLLECT_LTO_WRAPPER=/usr/lib/gcc/x86_64-linux-gnu/7/lto-wrapper
OFFLOAD_TARGET_NAMES=nvptx-none
OFFLOAD_TARGET_DEFAULT=1
Target: x86_64-linux-gnu
Configured with: ../src/configure -v --with-pkgversion='Ubuntu 7.5.0-3ubuntu1~18.04' --with-bugurl=file:///usr/share/doc/gcc-7/README.Bugs --enable-languages=c,ada,c++,go,brig,d,fortran,objc,obj-c++ --prefix=/usr --with-gcc-major-version-only --program-suffix=-7 --program-prefix=x86_64-linux-gnu- --enable-shared --enable-linker-build-id --libexecdir=/usr/lib --without-included-gettext --enable-threads=posix --libdir=/usr/lib --enable-nls --enable-bootstrap --enable-clocale=gnu --enable-libstdcxx-debug --enable-libstdcxx-time=yes --with-default-libstdcxx-abi=new --enable-gnu-unique-object --disable-vtable-verify --enable-libmpx --enable-plugin --enable-default-pie --with-system-zlib --with-target-system-zlib --enable-objc-gc=auto --enable-multiarch --disable-werror --with-arch-32=i686 --with-abi=m64 --with-multilib-list=m32,m64,mx32 --enable-multilib --with-tune=generic --enable-offload-targets=nvptx-none --without-cuda-driver --enable-checking=release --build=x86_64-linux-gnu --host=x86_64-linux-gnu --target=x86_64-linux-gnu
Thread model: posix
gcc version 7.5.0 (Ubuntu 7.5.0-3ubuntu1~18.04) 
configure:3033: $? = 0
configure:3022: gcc -V >&5
gcc: error: unrecognized command line option '-V'
gcc: fatal error: no input files
compilation terminated.
configure:3033: $? = 1
configure:3022: gcc -qversion >&5
gcc: error: unrecognized command line option '-qversion'; did you mean '--version'?
gcc: fatal error: no input files
compilation terminated.
configure:3033: $? = 1
configure:3053: checking whether the C compiler works
configure:3075: gcc    conftest.c  >&5
configure:3079: $? = 0
configure:3127: result: yes
configure:3130: checking for C compiler default output file name
configure:3132: result: a.out
configure:3138: checking for suffix of executables
configure:3145: gcc -o conftest    conftest.c  >&5
configure:3149: $? = 0
configure:3171: result: 
configure:3193: checking whether we are cross compiling
configure:3201: gcc -o conftest    conftest.c  >&5
configure:3205: $? = 0
configure:3212: ./conftest
configure:3216: $? = 0
configure:3231: result: no
configure:3236: checking for suffix of object files
configure:3258: gcc -c   conftest.c >&5
configure:3262: $? = 0
configure:3283: result: o
configure:3287: checking whether we are using the GNU C compiler
configure:3306: gcc -c   conftest.c >&5
configure:3306: $? = 0
configure:3315: result: yes
configure:3324: checking whether gcc accepts -g
configure:3344: gcc -c -g  conftest.c >&5
configure:3344: $? = 0
configure:3385: result: yes
configure:3402: checking for gcc option to accept ISO C89
configure:3465: gcc  -c -g -O2  conftest.c >&5
configure:3465: $? = 0
configure:3478: result: none needed
configure:3506: checking whether gcc understands -c and -o together
configure:3528: gcc -c conftest.c -o conftest2.o
configure:3531: $? = 0
configure:3528: gcc -c conftest.c -o conftest2.o
configure:3531: $? = 0
configure:3543: result: yes
configure:3571: checking how to run the C preprocessor
configure:3602: gcc -E  conftest.c
configure:3602: $? = 0
configure:3616: gcc -E  conftest.c
conftest.c:10:10: fatal error: ac_nonexistent.h: No such file or directory
 #include <ac_nonexistent.h>
          ^~~~~~~~~~~~~~~~~~
compilation terminated.
configure:3616: $? = 1
configure: failed program was:
| /* confdefs.h */
| #define PACKAGE_NAME "Xenomai"
| #define PACKAGE_TARNAME "xenomai"
| #define PACKAGE_VERSION "3.0.9"
| #define PACKAGE_STRING "Xenomai 3.0.9"
| #define PACKAGE_BUGREPORT "xenomai@xenomai.org"
| #define PACKAGE_URL ""
| #define CONFIG_XENO_COBALT 1
| /* end confdefs.h.  */
| #include <ac_nonexistent.h>
configure:3641: result: gcc -E
configure:3661: gcc -E  conftest.c
configure:3661: $? = 0
configure:3675: gcc -E  conftest.c
conftest.c:10:10: fatal error: ac_nonexistent.h: No such file or directory
 #include <ac_nonexistent.h>
          ^~~~~~~~~~~~~~~~~~
compilation terminated.
configure:3675: $? = 1
configure: failed program was:
| /* confdefs.h */
| #define PACKAGE_NAME "Xenomai"
| #define PACKAGE_TARNAME "xenomai"
| #define PACKAGE_VERSION "3.0.9"
| #define PACKAGE_STRING "Xenomai 3.0.9"
| #define PACKAGE_BUGREPORT "xenomai@xenomai.org"
| #define PACKAGE_URL ""
| #define CONFIG_XENO_COBALT 1
| /* end confdefs.h.  */
| #include <ac_nonexistent.h>
configure:3704: checking target system type
configure:3717: result: x86_64-pc-linux-gnu
configure:3795: checking for gcc
configure:3811: found /usr/bin/gcc
configure:3822: result: gcc
configure:4051: checking for C compiler version
configure:4060: gcc --version >&5
gcc (Ubuntu 7.5.0-3ubuntu1~18.04) 7.5.0
Copyright (C) 2017 Free Software Foundation, Inc.
This is free software; see the source for copying conditions.  There is NO
warranty; not even for MERCHANTABILITY or FITNESS FOR A PARTICULAR PURPOSE.

configure:4071: $? = 0
configure:4060: gcc -v >&5
Using built-in specs.
COLLECT_GCC=gcc
COLLECT_LTO_WRAPPER=/usr/lib/gcc/x86_64-linux-gnu/7/lto-wrapper
OFFLOAD_TARGET_NAMES=nvptx-none
OFFLOAD_TARGET_DEFAULT=1
Target: x86_64-linux-gnu
Configured with: ../src/configure -v --with-pkgversion='Ubuntu 7.5.0-3ubuntu1~18.04' --with-bugurl=file:///usr/share/doc/gcc-7/README.Bugs --enable-languages=c,ada,c++,go,brig,d,fortran,objc,obj-c++ --prefix=/usr --with-gcc-major-version-only --program-suffix=-7 --program-prefix=x86_64-linux-gnu- --enable-shared --enable-linker-build-id --libexecdir=/usr/lib --without-included-gettext --enable-threads=posix --libdir=/usr/lib --enable-nls --enable-bootstrap --enable-clocale=gnu --enable-libstdcxx-debug --enable-libstdcxx-time=yes --with-default-libstdcxx-abi=new --enable-gnu-unique-object --disable-vtable-verify --enable-libmpx --enable-plugin --enable-default-pie --with-system-zlib --with-target-system-zlib --enable-objc-gc=auto --enable-multiarch --disable-werror --with-arch-32=i686 --with-abi=m64 --with-multilib-list=m32,m64,mx32 --enable-multilib --with-tune=generic --enable-offload-targets=nvptx-none --without-cuda-driver --enable-checking=release --build=x86_64-linux-gnu --host=x86_64-linux-gnu --target=x86_64-linux-gnu
Thread model: posix
gcc version 7.5.0 (Ubuntu 7.5.0-3ubuntu1~18.04) 
configure:4071: $? = 0
configure:4060: gcc -V >&5
gcc: error: unrecognized command line option '-V'
gcc: fatal error: no input files
compilation terminated.
configure:4071: $? = 1
configure:4060: gcc -qversion >&5
gcc: error: unrecognized command line option '-qversion'; did you mean '--version'?
gcc: fatal error: no input files
compilation terminated.
configure:4071: $? = 1
configure:4075: checking whether we are using the GNU C compiler
configure:4103: result: yes
configure:4112: checking whether gcc accepts -g
configure:4132: gcc -c   conftest.c >&5
configure:4132: $? = 0
configure:4173: result: yes
configure:4190: checking for gcc option to accept ISO C89
configure:4266: result: none needed
configure:4291: checking whether gcc understands -c and -o together
configure:4328: result: yes
configure:4350: checking how to run the C preprocessor
configure:4381: gcc -E  conftest.c
configure:4381: $? = 0
configure:4395: gcc -E  conftest.c
conftest.c:10:10: fatal error: ac_nonexistent.h: No such file or directory
 #include <ac_nonexistent.h>
          ^~~~~~~~~~~~~~~~~~
compilation terminated.
configure:4395: $? = 1
configure: failed program was:
| /* confdefs.h */
| #define PACKAGE_NAME "Xenomai"
| #define PACKAGE_TARNAME "xenomai"
| #define PACKAGE_VERSION "3.0.9"
| #define PACKAGE_STRING "Xenomai 3.0.9"
| #define PACKAGE_BUGREPORT "xenomai@xenomai.org"
| #define PACKAGE_URL ""
| #define CONFIG_XENO_COBALT 1
| /* end confdefs.h.  */
| #include <ac_nonexistent.h>
configure:4420: result: gcc -E
configure:4440: gcc -E  conftest.c
configure:4440: $? = 0
configure:4454: gcc -E  conftest.c
conftest.c:10:10: fatal error: ac_nonexistent.h: No such file or directory
 #include <ac_nonexistent.h>
          ^~~~~~~~~~~~~~~~~~
compilation terminated.
configure:4454: $? = 1
configure: failed program was:
| /* confdefs.h */
| #define PACKAGE_NAME "Xenomai"
| #define PACKAGE_TARNAME "xenomai"
| #define PACKAGE_VERSION "3.0.9"
| #define PACKAGE_STRING "Xenomai 3.0.9"
| #define PACKAGE_BUGREPORT "xenomai@xenomai.org"
| #define PACKAGE_URL ""
| #define CONFIG_XENO_COBALT 1
| /* end confdefs.h.  */
| #include <ac_nonexistent.h>
configure:4488: checking for grep that handles long lines and -e
configure:4546: result: /bin/grep
configure:4551: checking for BSD- or MS-compatible name lister (nm)
configure:4605: result: /usr/bin/nm -B
configure:4735: checking the name lister (/usr/bin/nm -B) interface
configure:4742: gcc -c   conftest.c >&5
configure:4745: /usr/bin/nm -B "conftest.o"
configure:4748: output
0000000000000000 B some_variable
configure:4755: result: BSD nm
configure:4764: checking for gawk
configure:4794: result: no
configure:4764: checking for mawk
configure:4780: found /usr/bin/mawk
configure:4791: result: mawk
configure:4802: checking for a sed that does not truncate output
configure:4866: result: /bin/sed
configure:4884: checking for egrep
configure:4946: result: /bin/grep -E
configure:4951: checking for fgrep
configure:5013: result: /bin/grep -F
configure:5040: checking how to print strings
configure:5067: result: printf
configure:5100: checking for ld used by gcc
configure:5167: result: /usr/bin/ld
configure:5174: checking if the linker (/usr/bin/ld) is GNU ld
configure:5189: result: yes
configure:5230: checking command to parse /usr/bin/nm -B output from gcc object
configure:5383: gcc -c   conftest.c >&5
configure:5386: $? = 0
configure:5390: /usr/bin/nm -B conftest.o \| sed -n -e 's/^.*[ ]\([ABCDGIRSTW][ABCDGIRSTW]*\)[ ][ ]*\([_A-Za-z][_A-Za-z0-9]*\)$/\1 \2 \2/p' | sed '/ __gnu_lto/d' \> conftest.nm
configure:5393: $? = 0
configure:5459: gcc -o conftest    conftest.c conftstm.o >&5
configure:5462: $? = 0
configure:5500: result: ok
configure:5547: checking for _ prefix in compiled symbols
configure:5557: gcc -c   conftest.c >&5
configure:5560: $? = 0
configure:5564: /usr/bin/nm -B conftest.o \| sed -n -e 's/^.*[	 ]\([ABCDGIRSTW][ABCDGIRSTW]*\)[	 ][	 ]*\([_A-Za-z][_A-Za-z0-9]*\)$/\1 \2 \2/p' | sed '/ __gnu_lto/d' \> conftest.nm
configure:5567: $? = 0
configure:5589: result: no
configure:5620: checking whether build environment is sane
configure:5675: result: yes
configure:5823: checking for a thread-safe mkdir -p
configure:5862: result: /bin/mkdir -p
configure:5865: checking whether make sets $(MAKE)
configure:5887: result: yes
configure:5917: checking for style of include used by make
configure:5945: result: GNU
configure:5979: checking whether make supports nested variables
configure:5996: result: yes
configure:6085: checking whether UID '1000' is supported by ustar format
configure:6088: result: yes
configure:6095: checking whether GID '1000' is supported by ustar format
configure:6098: result: yes
configure:6106: checking how to create a ustar tar archive
configure:6117: tar --version
tar (GNU tar) 1.29
Copyright (C) 2015 Free Software Foundation, Inc.
License GPLv3+: GNU GPL version 3 or later <http://gnu.org/licenses/gpl.html>.
This is free software: you are free to change and redistribute it.
There is NO WARRANTY, to the extent permitted by law.

Written by John Gilmore and Jay Fenlason.
configure:6120: $? = 0
configure:6160: tardir=conftest.dir && eval tar --format=ustar -chf - "$tardir" >conftest.tar
configure:6163: $? = 0
configure:6167: tar -xf - <conftest.tar
configure:6170: $? = 0
configure:6172: cat conftest.dir/file
GrepMe
configure:6175: $? = 0
configure:6188: result: gnutar
configure:6197: checking dependency style of gcc
configure:6308: result: gcc3
configure:6377: checking whether make supports nested variables
configure:6394: result: yes
configure:6406: checking whether to enable maintainer-specific portions of Makefiles
configure:6415: result: no
configure:6437: checking dependency style of gcc
configure:6546: result: gcc3
configure:6566: checking for flex
configure:6596: result: no
configure:6566: checking for lex
configure:6596: result: no
configure:6727: checking for target architecture
configure:6776: result: x86
configure:6852: checking whether ln -s works
configure:6856: result: yes
configure:6864: checking the maximum length of command line arguments
configure:6995: result: 1572864
configure:7043: checking how to convert x86_64-pc-linux-gnu file names to x86_64-pc-linux-gnu format
configure:7083: result: func_convert_file_noop
configure:7090: checking how to convert x86_64-pc-linux-gnu file names to toolchain format
configure:7110: result: func_convert_file_noop
configure:7117: checking for /usr/bin/ld option to reload object files
configure:7124: result: -r
configure:7198: checking for objdump
configure:7214: found /usr/bin/objdump
configure:7225: result: objdump
configure:7257: checking how to recognize dependent libraries
configure:7457: result: pass_all
configure:7542: checking for dlltool
configure:7572: result: no
configure:7602: checking how to associate runtime and link libraries
configure:7629: result: printf %s\n
configure:7689: checking for ar
configure:7705: found /usr/bin/ar
configure:7716: result: ar
configure:7753: checking for archiver @FILE support
configure:7770: gcc -c   conftest.c >&5
configure:7770: $? = 0
configure:7773: ar cru libconftest.a @conftest.lst >&5
ar: `u' modifier ignored since `D' is the default (see `U')
configure:7776: $? = 0
configure:7781: ar cru libconftest.a @conftest.lst >&5
ar: `u' modifier ignored since `D' is the default (see `U')
ar: conftest.o: No such file or directory
configure:7784: $? = 1
configure:7796: result: @
configure:7854: checking for strip
configure:7870: found /usr/bin/strip
configure:7881: result: strip
configure:7953: checking for ranlib
configure:7969: found /usr/bin/ranlib
configure:7980: result: ranlib
configure:8053: checking for sysroot
configure:8083: result: no
configure:8090: checking for a working dd
configure:8128: result: /bin/dd
configure:8132: checking how to truncate binary pipes
configure:8147: result: /bin/dd bs=4096 count=1
configure:8283: gcc -c   conftest.c >&5
configure:8286: $? = 0
configure:8476: checking for mt
configure:8492: found /bin/mt
configure:8503: result: mt
configure:8526: checking if mt is a manifest tool
configure:8532: mt '-?'
configure:8540: result: no
configure:9213: checking for ANSI C header files
configure:9233: gcc -c   conftest.c >&5
configure:9233: $? = 0
configure:9306: gcc -o conftest    conftest.c  >&5
configure:9306: $? = 0
configure:9306: ./conftest
configure:9306: $? = 0
configure:9317: result: yes
configure:9330: checking for sys/types.h
configure:9330: gcc -c   conftest.c >&5
configure:9330: $? = 0
configure:9330: result: yes
configure:9330: checking for sys/stat.h
configure:9330: gcc -c   conftest.c >&5
configure:9330: $? = 0
configure:9330: result: yes
configure:9330: checking for stdlib.h
configure:9330: gcc -c   conftest.c >&5
configure:9330: $? = 0
configure:9330: result: yes
configure:9330: checking for string.h
configure:9330: gcc -c   conftest.c >&5
configure:9330: $? = 0
configure:9330: result: yes
configure:9330: checking for memory.h
configure:9330: gcc -c   conftest.c >&5
configure:9330: $? = 0
configure:9330: result: yes
configure:9330: checking for strings.h
configure:9330: gcc -c   conftest.c >&5
configure:9330: $? = 0
configure:9330: result: yes
configure:9330: checking for inttypes.h
configure:9330: gcc -c   conftest.c >&5
configure:9330: $? = 0
configure:9330: result: yes
configure:9330: checking for stdint.h
configure:9330: gcc -c   conftest.c >&5
configure:9330: $? = 0
configure:9330: result: yes
configure:9330: checking for unistd.h
configure:9330: gcc -c   conftest.c >&5
configure:9330: $? = 0
configure:9330: result: yes
configure:9344: checking for dlfcn.h
configure:9344: gcc -c   conftest.c >&5
configure:9344: $? = 0
configure:9344: result: yes
configure:9570: checking for objdir
configure:9585: result: .libs
configure:9849: checking if gcc supports -fno-rtti -fno-exceptions
configure:9867: gcc -c   -fno-rtti -fno-exceptions conftest.c >&5
cc1: warning: command line option '-fno-rtti' is valid for C++/ObjC++ but not for C
configure:9871: $? = 0
configure:9884: result: no
configure:10242: checking for gcc option to produce PIC
configure:10249: result: -fPIC -DPIC
configure:10257: checking if gcc PIC flag -fPIC -DPIC works
configure:10275: gcc -c   -fPIC -DPIC -DPIC conftest.c >&5
configure:10279: $? = 0
configure:10292: result: yes
configure:10321: checking if gcc static flag -static works
configure:10349: result: yes
configure:10364: checking if gcc supports -c -o file.o
configure:10385: gcc -c   -o out/conftest2.o conftest.c >&5
configure:10389: $? = 0
configure:10411: result: yes
configure:10419: checking if gcc supports -c -o file.o
configure:10466: result: yes
configure:10499: checking whether the gcc linker (/usr/bin/ld -m elf_x86_64) supports shared libraries
configure:11762: result: yes
configure:11799: checking whether -lc should be explicitly linked in
configure:11807: gcc -c   conftest.c >&5
configure:11810: $? = 0
configure:11825: gcc -shared  -fPIC -DPIC conftest.o  -v -Wl,-soname -Wl,conftest -o conftest 2\>\&1 \| /bin/grep  -lc  \>/dev/null 2\>\&1
configure:11828: $? = 0
configure:11842: result: no
configure:12002: checking dynamic linker characteristics
configure:12583: gcc -o conftest    -Wl,-rpath -Wl,/foo conftest.c  >&5
configure:12583: $? = 0
configure:12832: result: GNU/Linux ld.so
configure:12954: checking how to hardcode library paths into programs
configure:12979: result: immediate
configure:13527: checking whether stripping libraries is possible
configure:13532: result: yes
configure:13567: checking if libtool supports shared libraries
configure:13569: result: yes
configure:13572: checking whether to build shared libraries
configure:13597: result: yes
configure:13600: checking whether to build static libraries
configure:13604: result: yes
configure:13646: checking whether to enable debug mode
configure:13672: result: no
configure:13699: checking whether to enable the low resolution clock
configure:13709: result: no
configure:13723: checking whether we may use CLOCK_MONOTONIC_RAW
configure:13733: result: y
configure:13748: checking whether assertions should be enabled
configure:13758: result: no
configure:13763: checking whether asynchronous cancellation of threads is enabled
configure:13773: result: no
configure:13784: checking whether to enable the workaround for broken PI with condvars
configure:13794: result: no
configure:13809: checking whether shared multi-processing should be supported
configure:13819: result: y
configure:13839: checking whether the registry should be enabled
configure:13850: result: no
configure:14089: checking for SMP support
configure:14099: result: y
configure:14104: checking whether to enable sanity checks
configure:14114: result: y
configure:14130: checking for x86 VSYSCALL availability
configure:14140: result: y
configure:14147: checking whether to build documentation
configure:14174: checking for doxygen
configure:14204: result: no
configure:14216: checking for dot
configure:14244: result: NO
configure:14260: checking for LaTeX mode
configure:14273: result: batch
configure:14278: checking for asciidoc
configure:14308: result: no
configure:14318: checking for a2x
configure:14348: result: no
configure:14358: checking for w3m
configure:14388: result: no
configure:14412: checking valgrind/valgrind.h usability
configure:14412: gcc -c   conftest.c >&5
conftest.c:64:10: fatal error: valgrind/valgrind.h: No such file or directory
 #include <valgrind/valgrind.h>
          ^~~~~~~~~~~~~~~~~~~~~
compilation terminated.
configure:14412: $? = 1
configure: failed program was:
| /* confdefs.h */
| #define PACKAGE_NAME "Xenomai"
| #define PACKAGE_TARNAME "xenomai"
| #define PACKAGE_VERSION "3.0.9"
| #define PACKAGE_STRING "Xenomai 3.0.9"
| #define PACKAGE_BUGREPORT "xenomai@xenomai.org"
| #define PACKAGE_URL ""
| #define CONFIG_XENO_COBALT 1
| #define CONFIG_XENO_BUILD_STRING "x86_64-pc-linux-gnu"
| #define CONFIG_XENO_HOST_STRING "x86_64-pc-linux-gnu"
| #define CONFIG_XENO_COMPILER "gcc version 7.5.0 (Ubuntu 7.5.0-3ubuntu1~18.04) "
| #define PACKAGE "xenomai"
| #define VERSION "3.0.9"
| #define STDC_HEADERS 1
| #define HAVE_SYS_TYPES_H 1
| #define HAVE_SYS_STAT_H 1
| #define HAVE_STDLIB_H 1
| #define HAVE_STRING_H 1
| #define HAVE_MEMORY_H 1
| #define HAVE_STRINGS_H 1
| #define HAVE_INTTYPES_H 1
| #define HAVE_STDINT_H 1
| #define HAVE_UNISTD_H 1
| #define HAVE_DLFCN_H 1
| #define LT_OBJDIR ".libs/"
| #define CONFIG_XENO_LORES_CLOCK_DISABLED 1
| #define CONFIG_XENO_RAW_CLOCK_ENABLED 1
| #define CONFIG_XENO_PSHARED 1
| #define CONFIG_XENO_SANITY 1
| /* end confdefs.h.  */
| #include <stdio.h>
| #ifdef HAVE_SYS_TYPES_H
| # include <sys/types.h>
| #endif
| #ifdef HAVE_SYS_STAT_H
| # include <sys/stat.h>
| #endif
| #ifdef STDC_HEADERS
| # include <stdlib.h>
| # include <stddef.h>
| #else
| # ifdef HAVE_STDLIB_H
| #  include <stdlib.h>
| # endif
| #endif
| #ifdef HAVE_STRING_H
| # if !defined STDC_HEADERS && defined HAVE_MEMORY_H
| #  include <memory.h>
| # endif
| # include <string.h>
| #endif
| #ifdef HAVE_STRINGS_H
| # include <strings.h>
| #endif
| #ifdef HAVE_INTTYPES_H
| # include <inttypes.h>
| #endif
| #ifdef HAVE_STDINT_H
| # include <stdint.h>
| #endif
| #ifdef HAVE_UNISTD_H
| # include <unistd.h>
| #endif
| #include <valgrind/valgrind.h>
configure:14412: result: no
configure:14412: checking valgrind/valgrind.h presence
configure:14412: gcc -E  conftest.c
conftest.c:31:10: fatal error: valgrind/valgrind.h: No such file or directory
 #include <valgrind/valgrind.h>
          ^~~~~~~~~~~~~~~~~~~~~
compilation terminated.
configure:14412: $? = 1
configure: failed program was:
| /* confdefs.h */
| #define PACKAGE_NAME "Xenomai"
| #define PACKAGE_TARNAME "xenomai"
| #define PACKAGE_VERSION "3.0.9"
| #define PACKAGE_STRING "Xenomai 3.0.9"
| #define PACKAGE_BUGREPORT "xenomai@xenomai.org"
| #define PACKAGE_URL ""
| #define CONFIG_XENO_COBALT 1
| #define CONFIG_XENO_BUILD_STRING "x86_64-pc-linux-gnu"
| #define CONFIG_XENO_HOST_STRING "x86_64-pc-linux-gnu"
| #define CONFIG_XENO_COMPILER "gcc version 7.5.0 (Ubuntu 7.5.0-3ubuntu1~18.04) "
| #define PACKAGE "xenomai"
| #define VERSION "3.0.9"
| #define STDC_HEADERS 1
| #define HAVE_SYS_TYPES_H 1
| #define HAVE_SYS_STAT_H 1
| #define HAVE_STDLIB_H 1
| #define HAVE_STRING_H 1
| #define HAVE_MEMORY_H 1
| #define HAVE_STRINGS_H 1
| #define HAVE_INTTYPES_H 1
| #define HAVE_STDINT_H 1
| #define HAVE_UNISTD_H 1
| #define HAVE_DLFCN_H 1
| #define LT_OBJDIR ".libs/"
| #define CONFIG_XENO_LORES_CLOCK_DISABLED 1
| #define CONFIG_XENO_RAW_CLOCK_ENABLED 1
| #define CONFIG_XENO_PSHARED 1
| #define CONFIG_XENO_SANITY 1
| /* end confdefs.h.  */
| #include <valgrind/valgrind.h>
configure:14412: result: no
configure:14412: checking for valgrind/valgrind.h
configure:14412: result: no
configure:14419: checking for Valgrind client API
configure:14428: result: no
configure:14464: checking obstack.h usability
configure:14464: gcc -c   conftest.c >&5
configure:14464: $? = 0
configure:14464: result: yes
configure:14464: checking obstack.h presence
configure:14464: gcc -E  conftest.c
configure:14464: $? = 0
configure:14464: result: yes
configure:14464: checking for obstack.h
configure:14464: result: yes
configure:14485: checking mqueue.h usability
configure:14485: gcc -c   conftest.c >&5
configure:14485: $? = 0
configure:14485: result: yes
configure:14485: checking mqueue.h presence
configure:14485: gcc -E  conftest.c
configure:14485: $? = 0
configure:14485: result: yes
configure:14485: checking for mqueue.h
configure:14485: result: yes
configure:14516: checking for pthread_mutexattr_setprotocol
configure:14516: gcc -o conftest    conftest.c  -lrt -lpthread >&5
configure:14516: $? = 0
configure:14516: result: yes
configure:14516: checking for pthread_mutexattr_getprotocol
configure:14516: gcc -o conftest    conftest.c  -lrt -lpthread >&5
configure:14516: $? = 0
configure:14516: result: yes
configure:14516: checking for pthread_mutexattr_setrobust_np
configure:14516: gcc -o conftest    conftest.c  -lrt -lpthread >&5
configure:14516: $? = 0
configure:14516: result: yes
configure:14516: checking for pthread_condattr_getclock
configure:14516: gcc -o conftest    conftest.c  -lrt -lpthread >&5
configure:14516: $? = 0
configure:14516: result: yes
configure:14516: checking for pthread_condattr_setclock
configure:14516: gcc -o conftest    conftest.c  -lrt -lpthread >&5
configure:14516: $? = 0
configure:14516: result: yes
configure:14516: checking for pthread_spin_lock
configure:14516: gcc -o conftest    conftest.c  -lrt -lpthread >&5
configure:14516: $? = 0
configure:14516: result: yes
configure:14516: checking for fork
configure:14516: gcc -o conftest    conftest.c  -lrt -lpthread >&5
conftest.c:62:6: warning: conflicting types for built-in function 'fork' [-Wbuiltin-declaration-mismatch]
 char fork ();
      ^~~~
configure:14516: $? = 0
configure:14516: result: yes
configure:14516: checking for pthread_attr_setaffinity_np
configure:14516: gcc -o conftest    conftest.c  -lrt -lpthread >&5
configure:14516: $? = 0
configure:14516: result: yes
configure:14516: checking for pthread_setaffinity_np
configure:14516: gcc -o conftest    conftest.c  -lrt -lpthread >&5
configure:14516: $? = 0
configure:14516: result: yes
configure:14516: checking for pthread_getattr_np
configure:14516: gcc -o conftest    conftest.c  -lrt -lpthread >&5
configure:14516: $? = 0
configure:14516: result: yes
configure:14516: checking for pthread_atfork
configure:14516: gcc -o conftest    conftest.c  -lrt -lpthread >&5
configure:14516: $? = 0
configure:14516: result: yes
configure:14516: checking for pthread_setname_np
configure:14516: gcc -o conftest    conftest.c  -lrt -lpthread >&5
configure:14516: $? = 0
configure:14516: result: yes
configure:14516: checking for sched_getcpu
configure:14516: gcc -o conftest    conftest.c  -lrt -lpthread >&5
configure:14516: $? = 0
configure:14516: result: yes
configure:14516: checking for clock_nanosleep
configure:14516: gcc -o conftest    conftest.c  -lrt -lpthread >&5
configure:14516: $? = 0
configure:14516: result: yes
configure:14516: checking for shm_open
configure:14516: gcc -o conftest    conftest.c  -lrt -lpthread >&5
configure:14516: $? = 0
configure:14516: result: yes
configure:14516: checking for shm_unlink
configure:14516: gcc -o conftest    conftest.c  -lrt -lpthread >&5
configure:14516: $? = 0
configure:14516: result: yes
configure:14516: checking for backtrace
configure:14516: gcc -o conftest    conftest.c  -lrt -lpthread >&5
configure:14516: $? = 0
configure:14516: result: yes
configure:14529: checking whether PTHREAD_PRIO_NONE is declared
configure:14529: gcc -c   -D_GNU_SOURCE conftest.c >&5
configure:14529: $? = 0
configure:14529: result: yes
configure:14541: checking whether PTHREAD_RECURSIVE_MUTEX_INITIALIZER_NP is declared
configure:14541: gcc -c   -D_GNU_SOURCE conftest.c >&5
configure:14541: $? = 0
configure:14541: result: yes
configure:14553: checking whether PTHREAD_ERRORCHECK_MUTEX_INITIALIZER_NP is declared
configure:14553: gcc -c   -D_GNU_SOURCE conftest.c >&5
configure:14553: $? = 0
configure:14553: result: yes
configure:14581: checking for shm_open
configure:14581: result: yes
configure:14668: checking whether the compiler provides atomic builtins
configure:14689: gcc -o conftest    conftest.c  >&5
configure:14689: $? = 0
configure:14696: result: yes
configure:14703: checking for fortify support
configure:14713: result: autodetect
configure:14715: checking for __vfprintf_chk
configure:14715: gcc -o conftest    conftest.c  >&5
conftest.c:88:6: warning: conflicting types for built-in function '__vfprintf_chk' [-Wbuiltin-declaration-mismatch]
 char __vfprintf_chk ();
      ^~~~~~~~~~~~~~
configure:14715: $? = 0
configure:14715: result: yes
configure:14763: checking whether ld supports @file
configure:14781: gcc -o conftest   -Wl,@/dev/null conftest.c  >&5
conftest.c:66:1: warning: return type defaults to 'int' [-Wimplicit-int]
 main(){}
 ^~~~
configure:14781: $? = 0
configure:14797: result: yes
configure:14802: checking whether to enable dlopening of Xenomai libraries
configure:14812: result: no
configure:14841: checking whether to enable TLS support
configure:14848: result: yes
configure:14852: checking for __thread keyword
configure:14862: gcc   -c -Werror conftest.c >&5
configure:14865: $? = 0
configure:14873: result: yes
configure:14882: checking location for test executables
configure:14899: result: ${exec_prefix}/bin
configure:14903: checking location for demo programs
configure:14920: result: ${exec_prefix}/demo
configure:14923: checking for test source generation
configure:14940: gcc -o conftest    conftest.c  >&5
configure:14940: $? = 0
configure:14940: ./conftest
configure:14940: $? = 0
configure:14941: result: ok
configure:15137: checking that generated files are newer than configure
configure:15143: result: done
configure:15210: creating ./config.status

## ---------------------- ##
## Running config.status. ##
## ---------------------- ##

This file was extended by Xenomai config.status 3.0.9, which was
generated by GNU Autoconf 2.69.  Invocation command line was

  CONFIG_FILES    = 
  CONFIG_HEADERS  = 
  CONFIG_LINKS    = 
  CONFIG_COMMANDS = 
  $ ./config.status 

on keti

config.status:1335: creating Makefile
config.status:1335: creating config/Makefile
config.status:1335: creating scripts/Makefile
config.status:1335: creating scripts/xeno-config
config.status:1335: creating scripts/xeno
config.status:1335: creating lib/Makefile
config.status:1335: creating lib/boilerplate/Makefile
config.status:1335: creating lib/boilerplate/init/Makefile
config.status:1335: creating lib/cobalt/Makefile
config.status:1335: creating lib/cobalt/arch/Makefile
config.status:1335: creating lib/cobalt/arch/arm/Makefile
config.status:1335: creating lib/cobalt/arch/arm/include/Makefile
config.status:1335: creating lib/cobalt/arch/arm/include/asm/Makefile
config.status:1335: creating lib/cobalt/arch/arm/include/asm/xenomai/Makefile
config.status:1335: creating lib/cobalt/arch/powerpc/Makefile
config.status:1335: creating lib/cobalt/arch/powerpc/include/Makefile
config.status:1335: creating lib/cobalt/arch/powerpc/include/asm/Makefile
config.status:1335: creating lib/cobalt/arch/powerpc/include/asm/xenomai/Makefile
config.status:1335: creating lib/cobalt/arch/blackfin/Makefile
config.status:1335: creating lib/cobalt/arch/blackfin/include/Makefile
config.status:1335: creating lib/cobalt/arch/blackfin/include/asm/Makefile
config.status:1335: creating lib/cobalt/arch/blackfin/include/asm/xenomai/Makefile
config.status:1335: creating lib/cobalt/arch/x86/Makefile
config.status:1335: creating lib/cobalt/arch/x86/include/Makefile
config.status:1335: creating lib/cobalt/arch/x86/include/asm/Makefile
config.status:1335: creating lib/cobalt/arch/x86/include/asm/xenomai/Makefile
config.status:1335: creating lib/mercury/Makefile
config.status:1335: creating lib/copperplate/Makefile
config.status:1335: creating lib/copperplate/regd/Makefile
config.status:1335: creating lib/alchemy/Makefile
config.status:1335: creating lib/vxworks/Makefile
config.status:1335: creating lib/psos/Makefile
config.status:1335: creating lib/analogy/Makefile
config.status:1335: creating lib/smokey/Makefile
config.status:1335: creating lib/trank/Makefile
config.status:1335: creating testsuite/Makefile
config.status:1335: creating testsuite/latency/Makefile
config.status:1335: creating testsuite/switchtest/Makefile
config.status:1335: creating testsuite/gpiotest/Makefile
config.status:1335: creating testsuite/spitest/Makefile
config.status:1335: creating testsuite/smokey/Makefile
config.status:1335: creating testsuite/smokey/arith/Makefile
config.status:1335: creating testsuite/smokey/dlopen/Makefile
config.status:1335: creating testsuite/smokey/sched-quota/Makefile
config.status:1335: creating testsuite/smokey/sched-tp/Makefile
config.status:1335: creating testsuite/smokey/setsched/Makefile
config.status:1335: creating testsuite/smokey/rtdm/Makefile
config.status:1335: creating testsuite/smokey/vdso-access/Makefile
config.status:1335: creating testsuite/smokey/posix-cond/Makefile
config.status:1335: creating testsuite/smokey/posix-mutex/Makefile
config.status:1335: creating testsuite/smokey/posix-clock/Makefile
config.status:1335: creating testsuite/smokey/posix-fork/Makefile
config.status:1335: creating testsuite/smokey/posix-select/Makefile
config.status:1335: creating testsuite/smokey/xddp/Makefile
config.status:1335: creating testsuite/smokey/iddp/Makefile
config.status:1335: creating testsuite/smokey/bufp/Makefile
config.status:1335: creating testsuite/smokey/sigdebug/Makefile
config.status:1335: creating testsuite/smokey/timerfd/Makefile
config.status:1335: creating testsuite/smokey/tsc/Makefile
config.status:1335: creating testsuite/smokey/leaks/Makefile
config.status:1335: creating testsuite/smokey/net_udp/Makefile
config.status:1335: creating testsuite/smokey/net_packet_dgram/Makefile
config.status:1335: creating testsuite/smokey/net_packet_raw/Makefile
config.status:1335: creating testsuite/smokey/net_common/Makefile
config.status:1335: creating testsuite/smokey/cpu-affinity/Makefile
config.status:1335: creating testsuite/clocktest/Makefile
config.status:1335: creating testsuite/xeno-test/Makefile
config.status:1335: creating utils/Makefile
config.status:1335: creating utils/hdb/Makefile
config.status:1335: creating utils/can/Makefile
config.status:1335: creating utils/analogy/Makefile
config.status:1335: creating utils/ps/Makefile
config.status:1335: creating utils/slackspot/Makefile
config.status:1335: creating utils/corectl/Makefile
config.status:1335: creating utils/autotune/Makefile
config.status:1335: creating utils/net/rtnet
config.status:1335: creating utils/net/rtnet.conf
config.status:1335: creating utils/net/Makefile
config.status:1335: creating demo/Makefile
config.status:1335: creating demo/posix/Makefile
config.status:1335: creating demo/posix/cyclictest/Makefile
config.status:1335: creating demo/posix/cobalt/Makefile
config.status:1335: creating demo/alchemy/Makefile
config.status:1335: creating demo/alchemy/cobalt/Makefile
config.status:1335: creating include/Makefile
config.status:1335: creating include/cobalt/uapi/Makefile
config.status:1335: creating include/cobalt/uapi/asm-generic/Makefile
config.status:1335: creating include/cobalt/uapi/kernel/Makefile
config.status:1335: creating include/cobalt/Makefile
config.status:1335: creating include/cobalt/sys/Makefile
config.status:1335: creating include/cobalt/kernel/Makefile
config.status:1335: creating include/cobalt/kernel/rtdm/Makefile
config.status:1335: creating include/cobalt/kernel/rtdm/analogy/Makefile
config.status:1335: creating include/cobalt/boilerplate/Makefile
config.status:1335: creating include/rtdm/Makefile
config.status:1335: creating include/rtdm/uapi/Makefile
config.status:1335: creating include/mercury/Makefile
config.status:1335: creating include/mercury/boilerplate/Makefile
config.status:1335: creating include/boilerplate/Makefile
config.status:1335: creating include/copperplate/Makefile
config.status:1335: creating include/alchemy/Makefile
config.status:1335: creating include/vxworks/Makefile
config.status:1335: creating include/psos/Makefile
config.status:1335: creating include/smokey/Makefile
config.status:1335: creating include/trank/Makefile
config.status:1335: creating include/trank/posix/Makefile
config.status:1335: creating include/trank/native/Makefile
config.status:1335: creating include/trank/rtdm/Makefile
config.status:1335: creating include/xenomai/Makefile
config.status:1335: creating doc/Makefile
config.status:1335: creating doc/doxygen/Makefile
config.status:1335: creating doc/doxygen/xeno3prm-common.conf
config.status:1335: creating doc/doxygen/xeno3prm-html.conf
config.status:1335: creating doc/doxygen/xeno3prm-latex.conf
config.status:1335: creating doc/gitdoc/Makefile
config.status:1335: creating doc/asciidoc/Makefile
config.status:1335: creating include/xeno_config.h
config.status:1564: executing depfiles commands
config.status:1564: executing libtool commands

## ---------------- ##
## Cache variables. ##
## ---------------- ##

ac_cv_atomic_builtins=yes
ac_cv_build=x86_64-pc-linux-gnu
ac_cv_build_prog_CPP='gcc -E'
ac_cv_build_prog_cc_g=yes
ac_cv_c_compiler_gnu=yes
ac_cv_env_CCASFLAGS_set=
ac_cv_env_CCASFLAGS_value=
ac_cv_env_CCAS_set=
ac_cv_env_CCAS_value=
ac_cv_env_CC_set=
ac_cv_env_CC_value=
ac_cv_env_CFLAGS_set=
ac_cv_env_CFLAGS_value=
ac_cv_env_CPPFLAGS_set=
ac_cv_env_CPPFLAGS_value=
ac_cv_env_CPP_set=
ac_cv_env_CPP_value=
ac_cv_env_FUSE_CFLAGS_set=
ac_cv_env_FUSE_CFLAGS_value=
ac_cv_env_FUSE_LIBS_set=
ac_cv_env_FUSE_LIBS_value=
ac_cv_env_LDFLAGS_set=
ac_cv_env_LDFLAGS_value=
ac_cv_env_LIBS_set=
ac_cv_env_LIBS_value=
ac_cv_env_LT_SYS_LIBRARY_PATH_set=
ac_cv_env_LT_SYS_LIBRARY_PATH_value=
ac_cv_env_PKG_CONFIG_LIBDIR_set=
ac_cv_env_PKG_CONFIG_LIBDIR_value=
ac_cv_env_PKG_CONFIG_PATH_set=
ac_cv_env_PKG_CONFIG_PATH_value=
ac_cv_env_PKG_CONFIG_set=
ac_cv_env_PKG_CONFIG_value=
ac_cv_env_build_alias_set=
ac_cv_env_build_alias_value=
ac_cv_env_host_alias_set=
ac_cv_env_host_alias_value=
ac_cv_env_target_alias_set=
ac_cv_env_target_alias_value=
ac_cv_func___vfprintf_chk=yes
ac_cv_func_backtrace=yes
ac_cv_func_clock_nanosleep=yes
ac_cv_func_fork=yes
ac_cv_func_pthread_atfork=yes
ac_cv_func_pthread_attr_setaffinity_np=yes
ac_cv_func_pthread_condattr_getclock=yes
ac_cv_func_pthread_condattr_setclock=yes
ac_cv_func_pthread_getattr_np=yes
ac_cv_func_pthread_mutexattr_getprotocol=yes
ac_cv_func_pthread_mutexattr_setprotocol=yes
ac_cv_func_pthread_mutexattr_setrobust_np=yes
ac_cv_func_pthread_setaffinity_np=yes
ac_cv_func_pthread_setname_np=yes
ac_cv_func_pthread_spin_lock=yes
ac_cv_func_sched_getcpu=yes
ac_cv_func_shm_open=yes
ac_cv_func_shm_unlink=yes
ac_cv_have_decl_PTHREAD_ERRORCHECK_MUTEX_INITIALIZER_NP=yes
ac_cv_have_decl_PTHREAD_PRIO_NONE=yes
ac_cv_have_decl_PTHREAD_RECURSIVE_MUTEX_INITIALIZER_NP=yes
ac_cv_header_dlfcn_h=yes
ac_cv_header_inttypes_h=yes
ac_cv_header_memory_h=yes
ac_cv_header_mqueue_h=yes
ac_cv_header_obstack_h=yes
ac_cv_header_stdc=yes
ac_cv_header_stdint_h=yes
ac_cv_header_stdlib_h=yes
ac_cv_header_string_h=yes
ac_cv_header_strings_h=yes
ac_cv_header_sys_stat_h=yes
ac_cv_header_sys_types_h=yes
ac_cv_header_unistd_h=yes
ac_cv_header_valgrind_valgrind_h=no
ac_cv_host=x86_64-pc-linux-gnu
ac_cv_ld_file_option=yes
ac_cv_objext=o
ac_cv_path_EGREP='/bin/grep -E'
ac_cv_path_FGREP='/bin/grep -F'
ac_cv_path_GREP=/bin/grep
ac_cv_path_SED=/bin/sed
ac_cv_path_install='/usr/bin/install -c'
ac_cv_path_lt_DD=/bin/dd
ac_cv_path_mkdir=/bin/mkdir
ac_cv_prog_AWK=mawk
ac_cv_prog_CPP='gcc -E'
ac_cv_prog_DOXYGEN_HAVE_DOT=NO
ac_cv_prog_ac_ct_AR=ar
ac_cv_prog_ac_ct_CC=gcc
ac_cv_prog_ac_ct_CC_FOR_BUILD=gcc
ac_cv_prog_ac_ct_MANIFEST_TOOL=mt
ac_cv_prog_ac_ct_OBJDUMP=objdump
ac_cv_prog_ac_ct_RANLIB=ranlib
ac_cv_prog_ac_ct_STRIP=strip
ac_cv_prog_cc_c89=
ac_cv_prog_cc_g=yes
ac_cv_prog_make_make_set=yes
ac_cv_target=x86_64-pc-linux-gnu
am_cv_CCAS_dependencies_compiler_type=gcc3
am_cv_CC_dependencies_compiler_type=gcc3
am_cv_make_support_nested_variables=yes
am_cv_prog_cc_c_o=yes
am_cv_prog_tar_ustar=gnutar
libc_cv_gcc_tls=yes
lt_cv_ar_at_file=@
lt_cv_archive_cmds_need_lc=no
lt_cv_deplibs_check_method=pass_all
lt_cv_file_magic_cmd='$MAGIC_CMD'
lt_cv_file_magic_test_file=
lt_cv_ld_reload_flag=-r
lt_cv_nm_interface='BSD nm'
lt_cv_objdir=.libs
lt_cv_path_LD=/usr/bin/ld
lt_cv_path_NM='/usr/bin/nm -B'
lt_cv_path_mainfest_tool=no
lt_cv_prog_compiler_c_o=yes
lt_cv_prog_compiler_pic='-fPIC -DPIC'
lt_cv_prog_compiler_pic_works=yes
lt_cv_prog_compiler_rtti_exceptions=no
lt_cv_prog_compiler_static_works=yes
lt_cv_prog_gnu_ld=yes
lt_cv_sharedlib_from_linklib_cmd='printf %s\n'
lt_cv_shlibpath_overrides_runpath=yes
lt_cv_sys_global_symbol_pipe='sed -n -e '\''s/^.*[	 ]\([ABCDGIRSTW][ABCDGIRSTW]*\)[	 ][	 ]*\([_A-Za-z][_A-Za-z0-9]*\)$/\1 \2 \2/p'\'' | sed '\''/ __gnu_lto/d'\'''
lt_cv_sys_global_symbol_to_c_name_address='sed -n -e '\''s/^: \(.*\) .*$/  {"\1", (void *) 0},/p'\'' -e '\''s/^[ABCDGIRSTW][ABCDGIRSTW]* .* \(.*\)$/  {"\1", (void *) \&\1},/p'\'''
lt_cv_sys_global_symbol_to_c_name_address_lib_prefix='sed -n -e '\''s/^: \(.*\) .*$/  {"\1", (void *) 0},/p'\'' -e '\''s/^[ABCDGIRSTW][ABCDGIRSTW]* .* \(lib.*\)$/  {"\1", (void *) \&\1},/p'\'' -e '\''s/^[ABCDGIRSTW][ABCDGIRSTW]* .* \(.*\)$/  {"lib\1", (void *) \&\1},/p'\'''
lt_cv_sys_global_symbol_to_cdecl='sed -n -e '\''s/^T .* \(.*\)$/extern int \1();/p'\'' -e '\''s/^[ABCDGIRSTW][ABCDGIRSTW]* .* \(.*\)$/extern char \1;/p'\'''
lt_cv_sys_global_symbol_to_import=
lt_cv_sys_max_cmd_len=1572864
lt_cv_sys_symbol_underscore=no
lt_cv_to_host_file_cmd=func_convert_file_noop
lt_cv_to_tool_file_cmd=func_convert_file_noop
lt_cv_truncate_bin='/bin/dd bs=4096 count=1'

## ----------------- ##
## Output variables. ##
## ----------------- ##

A2X=''
ACLOCAL='${SHELL} /home/keti/workspace/build/xenomai-v3.0.9/config/missing aclocal-1.15'
AMDEPBACKSLASH='\'
AMDEP_FALSE='#'
AMDEP_TRUE=''
AMTAR='$${TAR-tar}'
AM_BACKSLASH='\'
AM_DEFAULT_V='$(AM_DEFAULT_VERBOSITY)'
AM_DEFAULT_VERBOSITY='0'
AM_V='$(V)'
AR='ar'
ASCIIDOC=''
ASCIIDODC=''
AUTOCONF='${SHELL} /home/keti/workspace/build/xenomai-v3.0.9/config/missing autoconf'
AUTOHEADER='${SHELL} /home/keti/workspace/build/xenomai-v3.0.9/config/missing autoheader'
AUTOMAKE='${SHELL} /home/keti/workspace/build/xenomai-v3.0.9/config/missing automake-1.15'
AWK='mawk'
BUILD_EXEEXT=''
BUILD_OBJEXT=''
CC='gcc'
CCAS='gcc'
CCASDEPMODE='depmode=gcc3'
CCASFLAGS=''
CCDEPMODE='depmode=gcc3'
CC_FOR_BUILD='gcc'
CFLAGS=''
CFLAGS_FOR_BUILD='-g -O2'
CHECKFLAGS='-nostdinc -isystem $(SYSROOT)/usr/include -Wbitwise -Wno-transparent-union -D_GNU_SOURCE -D_XOPEN_SOURCE=500 -D_REENTRANT $(DEFS) $(DEFAULT_INCLUDES) $(INCLUDES) $(AM_CPPFLAGS) $(CPPFLAGS) -I$(top_srcdir)/include -isystem $(shell $(CC) -print-file-name=include) -include $(top_builddir)/include/xeno_config.h $(shell $(CC) -dM -E -xc /dev/null|sed -e '\''s/^\#define /-D/'\'' -e "s/ /=\'\''/" -e "s/$$/\'\''/")'
CONFIG_STATUS_DEPENDENCIES='/home/keti/workspace/build/xenomai-v3.0.9/lib/cobalt/modechk.wrappers /home/keti/workspace/build/xenomai-v3.0.9/lib/cobalt/cobalt.wrappers'
CONFIG_XENO_LIBS_DLOPEN_FALSE=''
CONFIG_XENO_LIBS_DLOPEN_TRUE='#'
CONFIG_XENO_SHARED_FALSE='#'
CONFIG_XENO_SHARED_TRUE=''
CPP='gcc -E'
CPPFLAGS=''
CPPFLAGS_FOR_BUILD=''
CPP_FOR_BUILD='gcc -E'
CYGPATH_W='echo'
DEFS='-DHAVE_CONFIG_H'
DEPDIR='.deps'
DLLTOOL='false'
DOXYGEN=''
DOXYGEN_HAVE_DOT='NO'
DOXYGEN_SHOW_INCLUDE_FILES='YES'
DSYMUTIL=''
DUMPBIN=''
ECHO_C=''
ECHO_N='-n'
ECHO_T=''
EGREP='/bin/grep -E'
EXEEXT=''
FGREP='/bin/grep -F'
FUSE_CFLAGS=''
FUSE_LIBS=''
GREP='/bin/grep'
INSTALL_DATA='${INSTALL} -m 644'
INSTALL_PROGRAM='${INSTALL}'
INSTALL_SCRIPT='${INSTALL}'
INSTALL_STRIP_PROGRAM='$(install_sh) -c -s'
LATEX_BATCHMODE='YES'
LATEX_MODE='batch'
LD='/usr/bin/ld -m elf_x86_64'
LDFLAGS=''
LD_FILE_OPTION='yes'
LEX='${SHELL} /home/keti/workspace/build/xenomai-v3.0.9/config/missing flex'
LEXLIB=''
LEX_OUTPUT_ROOT=''
LIBOBJS=''
LIBS=''
LIBTOOL='$(SHELL) $(top_builddir)/libtool'
LIPO=''
LN_S='ln -s'
LTLIBOBJS=''
LT_SYS_LIBRARY_PATH=''
MAINT='#'
MAINTAINER_MODE_FALSE=''
MAINTAINER_MODE_TRUE='#'
MAKEINFO='${SHELL} /home/keti/workspace/build/xenomai-v3.0.9/config/missing makeinfo'
MANIFEST_TOOL=':'
MKDIR_P='/bin/mkdir -p'
NM='/usr/bin/nm -B'
NMEDIT=''
OBJDUMP='objdump'
OBJEXT='o'
OTOOL64=''
OTOOL=''
PACKAGE='xenomai'
PACKAGE_BUGREPORT='xenomai@xenomai.org'
PACKAGE_NAME='Xenomai'
PACKAGE_STRING='Xenomai 3.0.9'
PACKAGE_TARNAME='xenomai'
PACKAGE_URL=''
PACKAGE_VERSION='3.0.9'
PATH_SEPARATOR=':'
PKG_CONFIG=''
PKG_CONFIG_LIBDIR=''
PKG_CONFIG_PATH=''
RANLIB='ranlib'
SED='/bin/sed'
SET_MAKE=''
SHELL='/bin/bash'
STRIP='strip'
VERSION='3.0.9'
W3M=''
XENO_AUTOINIT_LDFLAGS='$(top_builddir)/lib/boilerplate/init/bootstrap-internal.o -Wl,--wrap=main -Wl,--dynamic-list=/home/keti/workspace/build/xenomai-v3.0.9/scripts/dynlist.ld'
XENO_BUILD_ARGS=' '\''--with-core=cobalt'\'' '\''--enable-smp'\'' '\''--enable-pshared'\'''
XENO_BUILD_COMPILER='gcc version 7.5.0 (Ubuntu 7.5.0-3ubuntu1~18.04) '
XENO_BUILD_DOC_FALSE=''
XENO_BUILD_DOC_TRUE='#'
XENO_BUILD_STRING='x86_64-pc-linux-gnu'
XENO_COBALT_CFLAGS='-I/home/keti/workspace/build/xenomai-v3.0.9/lib/cobalt/arch/x86/include -I/home/keti/workspace/build/xenomai-v3.0.9/kernel/cobalt/arch/x86/include -DNDEBUG -O2 -D_GNU_SOURCE -D_REENTRANT -fasynchronous-unwind-tables -pipe -fstrict-aliasing -Wall -Wstrict-prototypes -Wmissing-prototypes -Wno-long-long -Wno-unused-parameter -Werror -Wformat-security -D__XENO__ -D__IN_XENO__ -I/home/keti/workspace/build/xenomai-v3.0.9/include/cobalt'
XENO_COBALT_FALSE='#'
XENO_COBALT_TRUE=''
XENO_CORE_LDADD='$(top_builddir)/lib/cobalt/libcobalt.la $(top_builddir)/lib/cobalt/libmodechk.la'
XENO_DEBUG_FALSE=''
XENO_DEBUG_FULL_FALSE=''
XENO_DEBUG_FULL_TRUE='#'
XENO_DEBUG_TRUE='#'
XENO_DEMO_DIR='${exec_prefix}/demo'
XENO_DOC_GIT=''
XENO_FUSE_CFLAGS=''
XENO_HOST_STRING='x86_64-pc-linux-gnu'
XENO_LIB_LDFLAGS='-Wl,-z -Wl,nodlopen'
XENO_MERCURY_FALSE=''
XENO_MERCURY_TRUE='#'
XENO_POSIX_WRAPPERS='-Wl,@/home/keti/workspace/build/xenomai-v3.0.9/lib/cobalt/modechk.wrappers -Wl,@/home/keti/workspace/build/xenomai-v3.0.9/lib/cobalt/cobalt.wrappers'
XENO_PRIVATE_OBSTACK_FALSE=''
XENO_PRIVATE_OBSTACK_TRUE='#'
XENO_PSHARED_FALSE='#'
XENO_PSHARED_TRUE=''
XENO_REGISTRY_FALSE=''
XENO_REGISTRY_TRUE='#'
XENO_SYMBOL_PREFIX=''
XENO_TARGET_ARCH='x86'
XENO_TARGET_CORE='cobalt'
XENO_TEST_DIR='${exec_prefix}/bin'
XENO_TLSF_FALSE='#'
XENO_TLSF_TRUE=''
XENO_USER_APP_CFLAGS=' -D_GNU_SOURCE -D_REENTRANT -fasynchronous-unwind-tables'
XENO_USER_APP_LDFLAGS='  '
XENO_USER_CFLAGS='-I/home/keti/workspace/build/xenomai-v3.0.9/lib/cobalt/arch/x86/include -I/home/keti/workspace/build/xenomai-v3.0.9/kernel/cobalt/arch/x86/include -DNDEBUG -O2 -D_GNU_SOURCE -D_REENTRANT -fasynchronous-unwind-tables -pipe -fstrict-aliasing -Wall -Wstrict-prototypes -Wmissing-prototypes -Wno-long-long -Wno-unused-parameter -Werror -Wformat-security -D__XENO__ -D__IN_XENO__ -I/home/keti/workspace/build/xenomai-v3.0.9/include/cobalt'
XENO_USER_CFLAGS_STDLIB='-DNDEBUG -O2 -D_GNU_SOURCE -D_REENTRANT -fasynchronous-unwind-tables -pipe -fstrict-aliasing -Wall -Wstrict-prototypes -Wmissing-prototypes -Wno-long-long -Wno-unused-parameter -Werror -Wformat-security -D__XENO__ -D__IN_XENO__'
XENO_USER_LDADD=''
ac_ct_AR='ar'
ac_ct_CC='gcc'
ac_ct_CC_FOR_BUILD='gcc'
ac_ct_DUMPBIN=''
am__EXEEXT_FALSE=''
am__EXEEXT_TRUE='#'
am__fastdepCCAS_FALSE='#'
am__fastdepCCAS_TRUE=''
am__fastdepCC_FALSE='#'
am__fastdepCC_TRUE=''
am__include='include'
am__isrc=''
am__leading_dot='.'
am__nodep='_no'
am__quote=''
am__tar='tar --format=ustar -chf - "$$tardir"'
am__untar='tar -xf -'
bindir='${exec_prefix}/bin'
build='x86_64-pc-linux-gnu'
build_alias=''
build_cpu='x86_64'
build_os='linux-gnu'
build_vendor='pc'
datadir='${datarootdir}'
datarootdir='${prefix}/share'
docdir='${datarootdir}/doc/${PACKAGE_TARNAME}'
dvidir='${docdir}'
exec_prefix='${prefix}'
host='x86_64-pc-linux-gnu'
host_alias=''
host_cpu='x86_64'
host_os='linux-gnu'
host_vendor='pc'
htmldir='${docdir}/html'
includedir='${prefix}/include'
infodir='${datarootdir}/info'
install_sh='${SHELL} /home/keti/workspace/build/xenomai-v3.0.9/config/install-sh'
libdir='${exec_prefix}/lib'
libexecdir='${exec_prefix}/libexec'
localedir='${datarootdir}/locale'
localstatedir='${prefix}/var'
mandir='${datarootdir}/man'
mkdir_p='$(MKDIR_P)'
oldincludedir='/usr/include'
pdfdir='${docdir}/pdf'
prefix='/usr/xenomai'
program_transform_name='s,x,x,'
psdir='${docdir}'
runstatedir='${localstatedir}/run'
sbindir='${exec_prefix}/sbin'
sharedstatedir='${prefix}/com'
sys_symbol_underscore='no'
sysconfdir='${prefix}/etc'
target='x86_64-pc-linux-gnu'
target_alias=''
target_cpu='x86_64'
target_os='linux-gnu'
target_vendor='pc'

## ----------- ##
## confdefs.h. ##
## ----------- ##

/* confdefs.h */
#define PACKAGE_NAME "Xenomai"
#define PACKAGE_TARNAME "xenomai"
#define PACKAGE_VERSION "3.0.9"
#define PACKAGE_STRING "Xenomai 3.0.9"
#define PACKAGE_BUGREPORT "xenomai@xenomai.org"
#define PACKAGE_URL ""
#define CONFIG_XENO_COBALT 1
#define CONFIG_XENO_BUILD_STRING "x86_64-pc-linux-gnu"
#define CONFIG_XENO_HOST_STRING "x86_64-pc-linux-gnu"
#define CONFIG_XENO_COMPILER "gcc version 7.5.0 (Ubuntu 7.5.0-3ubuntu1~18.04) "
#define PACKAGE "xenomai"
#define VERSION "3.0.9"
#define STDC_HEADERS 1
#define HAVE_SYS_TYPES_H 1
#define HAVE_SYS_STAT_H 1
#define HAVE_STDLIB_H 1
#define HAVE_STRING_H 1
#define HAVE_MEMORY_H 1
#define HAVE_STRINGS_H 1
#define HAVE_INTTYPES_H 1
#define HAVE_STDINT_H 1
#define HAVE_UNISTD_H 1
#define HAVE_DLFCN_H 1
#define LT_OBJDIR ".libs/"
#define CONFIG_XENO_LORES_CLOCK_DISABLED 1
#define CONFIG_XENO_RAW_CLOCK_ENABLED 1
#define CONFIG_XENO_PSHARED 1
#define CONFIG_XENO_SANITY 1
#define HAVE_OBSTACK_H 1
#define HAVE_MQUEUE_H 1
#define HAVE_PTHREAD_MUTEXATTR_SETPROTOCOL 1
#define HAVE_PTHREAD_MUTEXATTR_GETPROTOCOL 1
#define HAVE_PTHREAD_MUTEXATTR_SETROBUST_NP 1
#define HAVE_PTHREAD_CONDATTR_GETCLOCK 1
#define HAVE_PTHREAD_CONDATTR_SETCLOCK 1
#define HAVE_PTHREAD_SPIN_LOCK 1
#define HAVE_FORK 1
#define HAVE_PTHREAD_ATTR_SETAFFINITY_NP 1
#define HAVE_PTHREAD_SETAFFINITY_NP 1
#define HAVE_PTHREAD_GETATTR_NP 1
#define HAVE_PTHREAD_ATFORK 1
#define HAVE_PTHREAD_SETNAME_NP 1
#define HAVE_SCHED_GETCPU 1
#define HAVE_CLOCK_NANOSLEEP 1
#define HAVE_SHM_OPEN 1
#define HAVE_SHM_UNLINK 1
#define HAVE_BACKTRACE 1
#define HAVE_DECL_PTHREAD_PRIO_NONE 1
#define HAVE_DECL_PTHREAD_RECURSIVE_MUTEX_INITIALIZER_NP 1
#define HAVE_DECL_PTHREAD_ERRORCHECK_MUTEX_INITIALIZER_NP 1
#define CONFIG_XENO_VERSION_MAJOR 3
#define CONFIG_XENO_VERSION_MINOR 0
#define CONFIG_XENO_REVISION_LEVEL 9
#define CONFIG_XENO_UAPI_LEVEL 14
#define CONFIG_XENO_VERSION_STRING "3.0.9"
#define CONFIG_XENO_PREFIX "/usr/xenomai"
#define CONFIG_XENO_BUILD_ARGS " '--with-core=cobalt' '--enable-smp' '--enable-pshared'"
#define CONFIG_XENO_X86_VSYSCALL 1
#define CONFIG_SMP 1
#define CONFIG_MMU 1
#define CONFIG_XENO_DEFAULT_PERIOD 100000
#define CONFIG_XENO_TLSF 1
#define CONFIG_XENO_FORTIFY 1
#define CONFIG_XENO_TLS_MODEL "initial-exec"
#define HAVE_TLS 1

configure: exit 0
